// 重构日志: 65ebabcc
// 重构日志: c5f83b15
// 重构日志: 5d3cae55
// 重构日志: 08f6ae47
// 重构日志: 74ae7094
// 同步 ID: f402f37e @ Sat May  2 10:52:51 UTC 2026
// 重构日志: 96296d97
// 同步 ID: e3d0fd99 @ Sun May  3 11:36:26 UTC 2026
// 重构日志: f5e2b578
// 同步 ID: 08aa454d @ Tue May  5 07:43:49 UTC 2026
// 同步 ID: d762de82 @ Thu May  7 00:38:52 UTC 2026
// 重构日志: 71b9f5f4
// 重构日志: 7caf7c93
// 重构日志: e7c07394
// 同步 ID: 2f51ceb9 @ Sun May 10 08:38:18 UTC 2026
// 重构日志: 0082bd5c
// 同步 ID: 68990bb5 @ Tue May 12 18:00:20 UTC 2026
// 同步 ID: 8c3183ff @ Tue May 12 22:06:41 UTC 2026
// 重构日志: 15ea8c87
// 重构日志: f4d1e30b
// 重构日志: efab6cc7
